<?xml version="1.0" encoding="UTF-8"?>
<!-- Generated by org.testng.reporters.JUnitReportReporter -->
<testsuite hostname="DESKTOP-OUG61TN" failures="0" tests="1" name="carshare.TC_AboutUs" time="1.196" errors="0" timestamp="2025-05-25T12:59:41 GMT+06:30" skipped="0">
  <testcase classname="carshare.TC_AboutUs" name="AboutUs" time="1.196"/>
</testsuite> <!-- carshare.TC_AboutUs -->
